<?xml version="1.0" encoding="UTF-8"?>
<!-- Generated by org.testng.reporters.JUnitXMLReporter -->
<testsuite ignored="0" hostname="marotipatil" failures="2" tests="5" name="Test" time="56.636" errors="0" timestamp="2024-10-22T09:28:47 IST">
  <testcase classname="ExtentReportBasic.Testing5" name="main5" time="0.016"/>
  <testcase classname="ExtentReportBasic.Testing4" name="main4" time="0.009"/>
  <testcase classname="ExtentReportBasic.Testing1" name="main1" time="0.023">
    <failure type="java.lang.AssertionError" message="expected [Thar] but found [Thor]">
      <![CDATA[java.lang.AssertionError: expected [Thar] but found [Thor]
at ExtentReportBasic.Testing1.main1(Testing1.java:14)
at java.base/java.util.ArrayList.forEach(ArrayList.java:1511)
... Removed 31 stack frames]]>
    </failure>
  </testcase> <!-- main1 -->
  <testcase classname="ExtentReportBasic.Testing3" name="main3" time="0.004">
    <failure type="java.lang.AssertionError" message="expected [main3] but found [main2]">
      <![CDATA[java.lang.AssertionError: expected [main3] but found [main2]
at ExtentReportBasic.Testing3.main3(Testing3.java:14)
at java.base/java.util.ArrayList.forEach(ArrayList.java:1511)
... Removed 31 stack frames]]>
    </failure>
  </testcase> <!-- main3 -->
  <testcase classname="ExtentReportBasic.Testing2" name="main2" time="0.002"/>
</testsuite> <!-- Test -->
